[INFO ]2024-10-25 08:57:52.945 [main]LoggerLoad- Admin sees the heading Manage Program 
[INFO ]2024-10-25 10:26:36.853 [main]LoggerLoad- Admin sees the heading Program Details 
[INFO ]2024-10-25 10:43:21.409 [main]LoggerLoad- Admin sees the heading Program Details 
[INFO ]2024-10-25 10:48:55.674 [main]LoggerLoad- Admin sees the heading Program Details 
[INFO ]2024-10-25 10:49:00.845 [main]LoggerLoad- Admin sees the red * mark 
[INFO ]2024-10-25 10:58:48.899 [main]LoggerLoad- Admin sees the heading Program Details 
[INFO ]2024-10-25 10:58:53.817 [main]LoggerLoad- Admin sees the red * mark 
[INFO ]2024-10-25 10:58:59.692 [main]LoggerLoad- Admin sees the updated program name 
[INFO ]2024-10-25 12:53:24.459 [main]LoggerLoad- Admin sees the heading Program Details 
[INFO ]2024-10-25 12:53:29.946 [main]LoggerLoad- Admin sees the red * mark 
[INFO ]2024-10-25 12:53:35.683 [main]LoggerLoad- Admin sees the updated program name 
[INFO ]2024-10-25 12:54:02.581 [main]LoggerLoad-Admin sees the updated status: Active
[INFO ]2024-10-25 12:54:02.644 [main]LoggerLoad- Admin sees the updated status of radio button 
[INFO ]2024-10-25 12:56:13.952 [main]LoggerLoad- Admin sees the heading Program Details 
[INFO ]2024-10-25 12:56:19.199 [main]LoggerLoad- Admin sees the red * mark 
[INFO ]2024-10-25 12:56:26.270 [main]LoggerLoad- Admin sees the updated program name 
[INFO ]2024-10-25 12:56:40.255 [main]LoggerLoad-Admin sees the updated status: Active
[INFO ]2024-10-25 12:56:40.292 [main]LoggerLoad- Admin sees the updated status of radio button 
[INFO ]2024-10-25 13:04:29.635 [main]LoggerLoad- Admin sees the heading Program Details 
[INFO ]2024-10-25 13:04:35.126 [main]LoggerLoad- Admin sees the red * mark 
[INFO ]2024-10-25 13:04:41.160 [main]LoggerLoad- Admin sees the updated program name 
[INFO ]2024-10-25 13:04:54.196 [main]LoggerLoad-Admin sees the updated status: Active
[INFO ]2024-10-25 13:04:54.248 [main]LoggerLoad- Admin sees the updated status of radio button 
[INFO ]2024-10-25 13:10:30.921 [main]LoggerLoad- Admin sees the heading Program Details 
[INFO ]2024-10-25 13:10:36.060 [main]LoggerLoad- Admin sees the red * mark 
[INFO ]2024-10-25 13:10:42.580 [main]LoggerLoad- Admin sees the updated program name 
[INFO ]2024-10-25 13:10:55.148 [main]LoggerLoad-Admin sees the updated status: Active
[INFO ]2024-10-25 13:10:55.184 [main]LoggerLoad- Admin sees the updated status of radio button 
[INFO ]2024-10-25 15:16:38.594 [main]LoggerLoad- Admin sees the heading Program Details 
[INFO ]2024-10-25 15:16:42.707 [main]LoggerLoad- Admin sees the red * mark 
[INFO ]2024-10-25 15:16:47.249 [main]LoggerLoad- Admin sees the updated program name 
[INFO ]2024-10-25 15:16:58.424 [main]LoggerLoad-Admin sees the updated status: Active
[INFO ]2024-10-25 15:16:58.447 [main]LoggerLoad- Admin sees the updated status of radio button 
[INFO ]2024-10-25 15:26:26.775 [main]LoggerLoad- Admin sees the heading Program Details 
[INFO ]2024-10-25 15:26:34.099 [main]LoggerLoad- Admin sees the red * mark 
[INFO ]2024-10-25 15:26:38.509 [main]LoggerLoad- Admin sees the updated program name 
[INFO ]2024-10-25 15:26:47.401 [main]LoggerLoad-Admin sees the updated status: Active
[INFO ]2024-10-25 15:26:47.429 [main]LoggerLoad- Admin sees the updated status of radio button 
[INFO ]2024-10-25 17:17:22.852 [main]LoggerLoad- Admin sees the heading Program Details 
[INFO ]2024-10-25 17:17:31.239 [main]LoggerLoad- Admin sees the red * mark 
[INFO ]2024-10-25 17:17:37.208 [main]LoggerLoad- Admin sees the updated program name 
[INFO ]2024-10-25 17:18:00.101 [main]LoggerLoad-Admin sees the updated status: Active
[INFO ]2024-10-25 17:18:00.150 [main]LoggerLoad- Admin sees the updated status of radio button 
[INFO ]2024-10-25 17:20:37.280 [main]LoggerLoad- Admin sees the heading Program Details 
[INFO ]2024-10-25 17:20:43.087 [main]LoggerLoad- Admin sees the red * mark 
[INFO ]2024-10-25 17:20:49.140 [main]LoggerLoad- Admin sees the updated program name 
[INFO ]2024-10-25 17:21:02.932 [main]LoggerLoad-Admin sees the updated status: Active
[INFO ]2024-10-25 17:21:02.978 [main]LoggerLoad- Admin sees the updated status of radio button 
[INFO ]2024-10-25 17:26:20.463 [main]LoggerLoad- Admin sees the heading Program Details 
[INFO ]2024-10-25 17:26:26.310 [main]LoggerLoad- Admin sees the red * mark 
[INFO ]2024-10-25 17:26:33.185 [main]LoggerLoad- Admin sees the updated program name 
[INFO ]2024-10-25 17:26:45.953 [main]LoggerLoad-Admin sees the updated status: Active
[INFO ]2024-10-25 17:26:46.001 [main]LoggerLoad- Admin sees the updated status of radio button 
[INFO ]2024-10-25 17:27:02.912 [main]LoggerLoad-The program details dialog has successfully disappeared.
[INFO ]2024-10-25 23:34:51.868 [main]LoggerLoad- Admin sees the heading Program Details 
[INFO ]2024-10-25 23:34:55.805 [main]LoggerLoad- Admin sees the red * mark 
[INFO ]2024-10-25 23:35:00.785 [main]LoggerLoad- Admin sees the updated program name 
[INFO ]2024-10-25 23:35:17.618 [main]LoggerLoad-Admin sees the updated status: Active
[INFO ]2024-10-25 23:35:17.652 [main]LoggerLoad- Admin sees the updated status of radio button 
[INFO ]2024-10-25 23:35:27.265 [main]LoggerLoad-The program details dialog has successfully disappeared.
[INFO ]2024-10-26 00:00:41.328 [main]LoggerLoad- Admin sees the heading Program Details 
[INFO ]2024-10-26 00:00:45.490 [main]LoggerLoad- Admin sees the red * mark 
[INFO ]2024-10-26 00:00:50.071 [main]LoggerLoad- Admin sees the updated program name 
[INFO ]2024-10-26 00:00:59.258 [main]LoggerLoad-Admin sees the updated status: Active
[INFO ]2024-10-26 00:00:59.296 [main]LoggerLoad- Admin sees the updated status of radio button 
[INFO ]2024-10-26 00:01:09.870 [main]LoggerLoad-The program details dialog has successfully disappeared.
[INFO ]2024-10-26 00:41:26.111 [main]LoggerLoad- Admin sees the heading Program Details 
[INFO ]2024-10-26 00:41:30.067 [main]LoggerLoad- Admin sees the red * mark 
[INFO ]2024-10-26 00:41:34.333 [main]LoggerLoad- Admin sees the updated program name 
[INFO ]2024-10-26 00:41:43.016 [main]LoggerLoad-Admin sees the updated status: Active
[INFO ]2024-10-26 00:41:43.047 [main]LoggerLoad- Admin sees the updated status of radio button 
[INFO ]2024-10-26 00:41:53.029 [main]LoggerLoad-The program details dialog has successfully disappeared.
[INFO ]2024-10-26 00:42:01.285 [main]LoggerLoad-The program details dialog has successfully disappeared.
[INFO ]2024-10-26 00:49:40.119 [main]LoggerLoad- Admin sees the heading Program Details 
[INFO ]2024-10-26 00:49:44.197 [main]LoggerLoad- Admin sees the red * mark 
[INFO ]2024-10-26 00:49:48.684 [main]LoggerLoad- Admin sees the updated program name 
[INFO ]2024-10-26 00:49:57.570 [main]LoggerLoad-Admin sees the updated status: Active
[INFO ]2024-10-26 00:49:57.611 [main]LoggerLoad- Admin sees the updated status of radio button 
[INFO ]2024-10-26 00:50:07.506 [main]LoggerLoad-The program details dialog has successfully disappeared.
[INFO ]2024-10-26 00:50:16.415 [main]LoggerLoad-The program details dialog has successfully disappeared.
[INFO ]2024-10-26 00:57:55.209 [main]LoggerLoad- Admin sees the heading Program Details 
[INFO ]2024-10-26 00:57:59.046 [main]LoggerLoad- Admin sees the red * mark 
[INFO ]2024-10-26 00:58:03.101 [main]LoggerLoad- Admin sees the updated program name 
[INFO ]2024-10-26 00:58:14.404 [main]LoggerLoad-Admin sees the updated status: Active
[INFO ]2024-10-26 00:58:14.458 [main]LoggerLoad- Admin sees the updated status of radio button 
[INFO ]2024-10-26 00:58:24.757 [main]LoggerLoad-The program details dialog has successfully disappeared.
[INFO ]2024-10-26 00:58:33.679 [main]LoggerLoad-The program details dialog has successfully disappeared.
[INFO ]2024-10-26 01:01:58.634 [main]LoggerLoad- Admin sees the heading Program Details 
[INFO ]2024-10-26 01:02:03.105 [main]LoggerLoad- Admin sees the red * mark 
[INFO ]2024-10-26 01:02:07.277 [main]LoggerLoad- Admin sees the updated program name 
[INFO ]2024-10-26 01:02:16.453 [main]LoggerLoad-Admin sees the updated status: Active
[INFO ]2024-10-26 01:02:16.502 [main]LoggerLoad- Admin sees the updated status of radio button 
[INFO ]2024-10-26 01:02:26.495 [main]LoggerLoad-The program details dialog has successfully disappeared.
[INFO ]2024-10-26 01:02:41.199 [main]LoggerLoad-The program details dialog has successfully disappeared.
[INFO ]2024-10-26 01:13:57.882 [main]LoggerLoad- Admin sees the heading Program Details 
[INFO ]2024-10-26 01:14:01.792 [main]LoggerLoad- Admin sees the red * mark 
[INFO ]2024-10-26 10:46:29.836 [main]LoggerLoad- Admin sees the heading Program Details 
[INFO ]2024-10-26 10:46:36.790 [main]LoggerLoad- Admin sees the red * mark 
[INFO ]2024-10-26 12:16:42.840 [main]LoggerLoad-Admin sees the updated status: Active
[INFO ]2024-10-26 12:21:36.464 [main]LoggerLoad-Admin sees the updated status: Active
[INFO ]2024-10-26 12:27:03.894 [main]LoggerLoad-Admin sees the updated status: Active
[INFO ]2024-10-26 12:27:03.955 [main]LoggerLoad- Admin sees the updated status of radio button 
[INFO ]2024-10-26 12:37:26.671 [main]LoggerLoad- Admin sees the heading Program Details 
[INFO ]2024-10-26 12:37:31.209 [main]LoggerLoad- Admin sees the red * mark 
[INFO ]2024-10-26 12:37:36.812 [main]LoggerLoad- Admin sees the updated program name 
[INFO ]2024-10-26 12:37:52.525 [main]LoggerLoad-Admin sees the updated status: Active
[INFO ]2024-10-26 12:37:52.559 [main]LoggerLoad- Admin sees the updated status of radio button 
[INFO ]2024-10-26 12:38:05.569 [main]LoggerLoad-The program details dialog has successfully disappeared.
[INFO ]2024-10-26 12:38:15.337 [main]LoggerLoad-The program details dialog has successfully disappeared.
[INFO ]2024-10-26 12:59:01.119 [main]LoggerLoad- Admin sees the heading Program Details 
[INFO ]2024-10-26 12:59:05.869 [main]LoggerLoad- Admin sees the red * mark 
[INFO ]2024-10-26 12:59:34.045 [main]LoggerLoad-Admin sees the updated status: Active
[INFO ]2024-10-26 12:59:34.088 [main]LoggerLoad- Admin sees the updated status of radio button 
[INFO ]2024-10-26 12:59:54.727 [main]LoggerLoad-The program details dialog has successfully disappeared.
[INFO ]2024-10-26 13:00:04.336 [main]LoggerLoad-The program details dialog has successfully disappeared.
[INFO ]2024-10-26 13:04:19.499 [main]LoggerLoad- Admin sees the heading Program Details 
[INFO ]2024-10-26 13:04:23.740 [main]LoggerLoad- Admin sees the red * mark 
[INFO ]2024-10-26 13:04:48.681 [main]LoggerLoad-Admin sees the updated status: Active
[INFO ]2024-10-26 13:04:48.719 [main]LoggerLoad- Admin sees the updated status of radio button 
[INFO ]2024-10-26 13:05:01.951 [main]LoggerLoad-The program details dialog has successfully disappeared.
[INFO ]2024-10-26 13:05:13.191 [main]LoggerLoad-The program details dialog has successfully disappeared.
[INFO ]2024-10-26 13:13:29.541 [main]LoggerLoad- Admin sees the heading Program Details 
[INFO ]2024-10-26 13:13:34.242 [main]LoggerLoad- Admin sees the red * mark 
[INFO ]2024-10-26 13:13:51.020 [main]LoggerLoad-Admin sees the updated status: Active
[INFO ]2024-10-26 13:13:51.058 [main]LoggerLoad- Admin sees the updated status of radio button 
[INFO ]2024-10-26 13:14:12.585 [main]LoggerLoad-The program details dialog has successfully disappeared.
[INFO ]2024-10-26 13:14:22.359 [main]LoggerLoad-The program details dialog has successfully disappeared.
[INFO ]2024-10-26 13:28:33.036 [main]LoggerLoad- Admin sees the heading Program Details 
[INFO ]2024-10-26 13:28:38.517 [main]LoggerLoad- Admin sees the red * mark 
[INFO ]2024-10-26 13:28:55.336 [main]LoggerLoad-Admin sees the updated status: Active
[INFO ]2024-10-26 13:28:55.374 [main]LoggerLoad- Admin sees the updated status of radio button 
[INFO ]2024-10-26 13:29:18.421 [main]LoggerLoad-The program details dialog has successfully disappeared.
[INFO ]2024-10-26 13:29:27.854 [main]LoggerLoad-The program details dialog has successfully disappeared.
[INFO ]2024-10-26 13:42:34.643 [main]LoggerLoad- Admin sees the heading Program Details 
[INFO ]2024-10-26 13:42:39.518 [main]LoggerLoad- Admin sees the red * mark 
[INFO ]2024-10-26 13:43:05.781 [main]LoggerLoad-Admin sees the updated status: Active
[INFO ]2024-10-26 13:43:05.817 [main]LoggerLoad- Admin sees the updated status of radio button 
[INFO ]2024-10-26 13:43:26.529 [main]LoggerLoad-The program details dialog has successfully disappeared.
[INFO ]2024-10-26 13:43:35.773 [main]LoggerLoad-The program details dialog has successfully disappeared.
[INFO ]2024-10-26 13:48:18.677 [main]LoggerLoad- Admin sees the heading Program Details 
[INFO ]2024-10-26 13:48:23.120 [main]LoggerLoad- Admin sees the red * mark 
[INFO ]2024-10-26 13:48:47.482 [main]LoggerLoad-Admin sees the updated status: Active
[INFO ]2024-10-26 13:48:47.538 [main]LoggerLoad- Admin sees the updated status of radio button 
[INFO ]2024-10-26 13:48:58.637 [main]LoggerLoad-The program details dialog has successfully disappeared.
[INFO ]2024-10-26 13:49:08.815 [main]LoggerLoad-The program details dialog has successfully disappeared.
[INFO ]2024-10-26 13:57:36.056 [main]LoggerLoad- Admin sees the heading Program Details 
[INFO ]2024-10-26 13:57:41.411 [main]LoggerLoad- Admin sees the red * mark 
[INFO ]2024-10-26 13:58:08.264 [main]LoggerLoad-Admin sees the updated status: Active
[INFO ]2024-10-26 13:58:08.307 [main]LoggerLoad- Admin sees the updated status of radio button 
[INFO ]2024-10-26 13:58:29.879 [main]LoggerLoad-The program details dialog has successfully disappeared.
[INFO ]2024-10-26 13:58:41.060 [main]LoggerLoad-The program details dialog has successfully disappeared.
[INFO ]2024-10-26 14:01:51.976 [main]LoggerLoad- Admin sees the heading Program Details 
[INFO ]2024-10-26 14:01:57.122 [main]LoggerLoad- Admin sees the red * mark 
[INFO ]2024-10-26 14:02:25.454 [main]LoggerLoad-Admin sees the updated status: Active
[INFO ]2024-10-26 14:02:25.500 [main]LoggerLoad- Admin sees the updated status of radio button 
[INFO ]2024-10-26 14:02:38.499 [main]LoggerLoad-The program details dialog has successfully disappeared.
[INFO ]2024-10-26 14:02:50.338 [main]LoggerLoad-The program details dialog has successfully disappeared.
[INFO ]2024-10-26 14:25:10.954 [main]LoggerLoad- Admin sees the heading Program Details 
[INFO ]2024-10-26 14:25:15.330 [main]LoggerLoad- Admin sees the red * mark 
[INFO ]2024-10-26 14:25:30.317 [main]LoggerLoad-Admin sees the updated status: Active
[INFO ]2024-10-26 14:25:30.344 [main]LoggerLoad- Admin sees the updated status of radio button 
[INFO ]2024-10-26 14:25:40.750 [main]LoggerLoad-The program details dialog has successfully disappeared.
[INFO ]2024-10-26 14:25:56.543 [main]LoggerLoad-The program details dialog has successfully disappeared.
[INFO ]2024-10-26 15:17:01.488 [main]LoggerLoad- Admin sees the heading Program Details 
[INFO ]2024-10-26 15:17:06.326 [main]LoggerLoad- Admin sees the red * mark 
[INFO ]2024-10-26 15:17:28.266 [main]LoggerLoad-Admin sees the updated status: Active
[INFO ]2024-10-26 15:17:28.306 [main]LoggerLoad- Admin sees the updated status of radio button 
[INFO ]2024-10-26 15:17:44.239 [main]LoggerLoad-The program details dialog has successfully disappeared.
[INFO ]2024-10-26 15:17:53.989 [main]LoggerLoad-The program details dialog has successfully disappeared.
[INFO ]2024-10-26 15:26:56.963 [main]LoggerLoad- Admin sees the updated program name 
[INFO ]2024-10-26 15:27:54.490 [main]LoggerLoad- Admin sees the updated program name 
[INFO ]2024-10-26 15:29:47.758 [main]LoggerLoad- Admin sees the heading Program Details 
[INFO ]2024-10-26 15:29:52.353 [main]LoggerLoad- Admin sees the red * mark 
[INFO ]2024-10-26 15:30:02.702 [main]LoggerLoad- Admin sees the updated program name 
[INFO ]2024-10-26 15:30:14.384 [main]LoggerLoad-Admin sees the updated status: Active
[INFO ]2024-10-26 15:30:14.436 [main]LoggerLoad- Admin sees the updated status of radio button 
[INFO ]2024-10-26 15:30:25.618 [main]LoggerLoad-The program details dialog has successfully disappeared.
[INFO ]2024-10-26 15:30:37.130 [main]LoggerLoad-The program details dialog has successfully disappeared.
[INFO ]2024-10-26 15:51:26.759 [main]LoggerLoad- Admin sees the updated program name 
[INFO ]2024-10-26 15:54:20.802 [main]LoggerLoad- Admin sees the updated program name 
[INFO ]2024-10-26 15:58:01.742 [main]LoggerLoad- Admin sees the updated program name 
[INFO ]2024-10-26 16:14:39.043 [main]LoggerLoad- Admin sees the heading Program Details 
[INFO ]2024-10-26 16:14:44.408 [main]LoggerLoad- Admin sees the red * mark 
[INFO ]2024-10-26 16:14:51.013 [main]LoggerLoad- Admin sees the updated program name 
[INFO ]2024-10-26 16:15:17.328 [main]LoggerLoad-Admin sees the updated status: Active
[INFO ]2024-10-26 16:15:17.390 [main]LoggerLoad- Admin sees the updated status of radio button 
[INFO ]2024-10-26 16:15:30.705 [main]LoggerLoad-The program details dialog has successfully disappeared.
[INFO ]2024-10-26 16:15:42.403 [main]LoggerLoad-The program details dialog has successfully disappeared.
[INFO ]2024-10-26 16:20:41.158 [main]LoggerLoad- Admin sees the heading Program Details 
[INFO ]2024-10-26 16:20:47.165 [main]LoggerLoad- Admin sees the red * mark 
[INFO ]2024-10-26 16:20:53.573 [main]LoggerLoad- Admin sees the updated program name 
[INFO ]2024-10-26 16:21:10.153 [main]LoggerLoad-Admin sees the updated status: Active
[INFO ]2024-10-26 16:21:10.197 [main]LoggerLoad- Admin sees the updated status of radio button 
[INFO ]2024-10-26 16:21:22.961 [main]LoggerLoad-The program details dialog has successfully disappeared.
[INFO ]2024-10-26 16:21:34.978 [main]LoggerLoad-The program details dialog has successfully disappeared.
[INFO ]2024-10-27 21:35:45.080 [main]LoggerLoad- Admin sees the heading Program Details 
[INFO ]2024-10-27 21:37:07.078 [main]LoggerLoad- Admin sees the heading Program Details 
[INFO ]2024-10-27 21:37:15.505 [main]LoggerLoad- Admin sees the red * mark 
[INFO ]2024-10-27 21:37:24.866 [main]LoggerLoad- Admin sees the updated program name 
[INFO ]2024-10-27 21:37:54.581 [main]LoggerLoad-Admin sees the updated status: Active
[INFO ]2024-10-27 21:37:54.669 [main]LoggerLoad- Admin sees the updated status of radio button 
[INFO ]2024-10-27 21:38:14.434 [main]LoggerLoad-The program details dialog has successfully disappeared.
[INFO ]2024-10-27 21:38:32.319 [main]LoggerLoad-The program details dialog has successfully disappeared.
[INFO ]2024-10-27 21:43:04.766 [main]LoggerLoad- Admin sees the heading Program Details 
[INFO ]2024-10-27 21:43:10.481 [main]LoggerLoad- Admin sees the red * mark 
[INFO ]2024-10-27 21:43:16.861 [main]LoggerLoad- Admin sees the updated program name 
[INFO ]2024-10-27 21:43:33.485 [main]LoggerLoad-Admin sees the updated status: Active
[INFO ]2024-10-27 21:43:33.544 [main]LoggerLoad- Admin sees the updated status of radio button 
[INFO ]2024-10-27 21:43:47.520 [main]LoggerLoad-The program details dialog has successfully disappeared.
[INFO ]2024-10-27 21:44:00.260 [main]LoggerLoad-The program details dialog has successfully disappeared.
[INFO ]2024-10-27 22:03:07.142 [main]LoggerLoad- Admin sees the heading Program Details 
[INFO ]2024-10-27 22:03:12.469 [main]LoggerLoad- Admin sees the red * mark 
[INFO ]2024-10-27 22:31:46.962 [main]LoggerLoad- Admin sees the heading Program Details 
[INFO ]2024-10-27 22:31:51.577 [main]LoggerLoad- Admin sees the red * mark 
[INFO ]2024-10-27 22:31:56.072 [main]LoggerLoad- Admin sees the updated program name 
[INFO ]2024-10-27 22:32:05.474 [main]LoggerLoad-Admin sees the updated status: Active
[INFO ]2024-10-27 22:32:05.522 [main]LoggerLoad- Admin sees the updated status of radio button 
[INFO ]2024-10-27 22:32:15.262 [main]LoggerLoad-The program details dialog has successfully disappeared.
[INFO ]2024-10-27 22:32:26.161 [main]LoggerLoad-The program details dialog has successfully disappeared.
[INFO ]2024-10-27 22:34:29.139 [main]LoggerLoad- Admin sees the heading Program Details 
[INFO ]2024-10-27 22:34:32.820 [main]LoggerLoad- Admin sees the red * mark 
[INFO ]2024-10-27 22:34:36.600 [main]LoggerLoad- Admin sees the updated program name 
[INFO ]2024-10-27 22:34:44.449 [main]LoggerLoad-Admin sees the updated status: Active
[INFO ]2024-10-27 22:34:44.485 [main]LoggerLoad- Admin sees the updated status of radio button 
[INFO ]2024-10-27 22:34:53.590 [main]LoggerLoad-The program details dialog has successfully disappeared.
[INFO ]2024-10-27 22:35:01.638 [main]LoggerLoad-The program details dialog has successfully disappeared.
[INFO ]2024-10-27 22:45:39.498 [main]LoggerLoad- Admin sees the heading Program Details 
[INFO ]2024-10-27 22:45:43.142 [main]LoggerLoad- Admin sees the red * mark 
[INFO ]2024-10-27 22:46:06.522 [main]LoggerLoad-Admin sees the updated status: Active
[INFO ]2024-10-27 22:46:06.558 [main]LoggerLoad- Admin sees the updated status of radio button 
[INFO ]2024-10-27 22:46:14.626 [main]LoggerLoad-The program details dialog has successfully disappeared.
[INFO ]2024-10-27 22:46:21.868 [main]LoggerLoad-The program details dialog has successfully disappeared.
[INFO ]2024-10-27 23:20:38.505 [main]LoggerLoad- Admin sees the heading Program Details 
[INFO ]2024-10-27 23:20:41.624 [main]LoggerLoad- Admin sees the red * mark 
[INFO ]2024-10-27 23:20:45.121 [main]LoggerLoad- Admin sees the updated program name 
[INFO ]2024-10-27 23:20:51.818 [main]LoggerLoad-Admin sees the updated status: Active
[INFO ]2024-10-27 23:20:51.857 [main]LoggerLoad- Admin sees the updated status of radio button 
[INFO ]2024-10-27 23:20:58.682 [main]LoggerLoad-The program details dialog has successfully disappeared.
[INFO ]2024-10-27 23:21:04.504 [main]LoggerLoad-The program details dialog has successfully disappeared.
[INFO ]2024-10-27 23:25:23.848 [main]LoggerLoad- Admin sees the heading Program Details 
[INFO ]2024-10-27 23:25:26.625 [main]LoggerLoad- Admin sees the red * mark 
[INFO ]2024-10-27 23:25:29.928 [main]LoggerLoad- Admin sees the updated program name 
[INFO ]2024-10-27 23:25:38.475 [main]LoggerLoad-Admin sees the updated status: Active
[INFO ]2024-10-27 23:25:38.510 [main]LoggerLoad- Admin sees the updated status of radio button 
[INFO ]2024-10-27 23:25:45.579 [main]LoggerLoad-The program details dialog has successfully disappeared.
[INFO ]2024-10-27 23:25:52.361 [main]LoggerLoad-The program details dialog has successfully disappeared.
[INFO ]2024-10-27 23:29:11.563 [main]LoggerLoad- Admin sees the heading Program Details 
[INFO ]2024-10-27 23:29:14.377 [main]LoggerLoad- Admin sees the red * mark 
[INFO ]2024-10-27 23:29:17.734 [main]LoggerLoad- Admin sees the updated program name 
[INFO ]2024-10-27 23:29:25.088 [main]LoggerLoad-Admin sees the updated status: Active
[INFO ]2024-10-27 23:29:25.122 [main]LoggerLoad- Admin sees the updated status of radio button 
[INFO ]2024-10-27 23:29:32.022 [main]LoggerLoad-The program details dialog has successfully disappeared.
[INFO ]2024-10-27 23:29:38.118 [main]LoggerLoad-The program details dialog has successfully disappeared.
[INFO ]2024-10-27 23:33:51.931 [main]LoggerLoad- Admin sees the heading Program Details 
[INFO ]2024-10-27 23:33:55.132 [main]LoggerLoad- Admin sees the red * mark 
[INFO ]2024-10-27 23:34:15.909 [main]LoggerLoad-Admin sees the updated status: Active
[INFO ]2024-10-27 23:34:15.944 [main]LoggerLoad- Admin sees the updated status of radio button 
[INFO ]2024-10-27 23:34:23.168 [main]LoggerLoad-The program details dialog has successfully disappeared.
[INFO ]2024-10-27 23:34:30.227 [main]LoggerLoad-The program details dialog has successfully disappeared.
[INFO ]2024-10-27 23:36:42.849 [main]LoggerLoad- Admin sees the heading Program Details 
[INFO ]2024-10-27 23:36:45.675 [main]LoggerLoad- Admin sees the red * mark 
[INFO ]2024-10-27 23:36:48.623 [main]LoggerLoad- Admin sees the updated program name 
[INFO ]2024-10-27 23:36:54.932 [main]LoggerLoad-Admin sees the updated status: Active
[INFO ]2024-10-27 23:36:54.968 [main]LoggerLoad- Admin sees the updated status of radio button 
[INFO ]2024-10-27 23:37:01.846 [main]LoggerLoad-The program details dialog has successfully disappeared.
[INFO ]2024-10-27 23:37:07.588 [main]LoggerLoad-The program details dialog has successfully disappeared.
[INFO ]2024-10-27 23:41:12.486 [main]LoggerLoad- Admin sees the heading Program Details 
[INFO ]2024-10-27 23:41:15.322 [main]LoggerLoad- Admin sees the red * mark 
[INFO ]2024-10-27 23:41:18.327 [main]LoggerLoad- Admin sees the updated program name 
[INFO ]2024-10-27 23:41:25.046 [main]LoggerLoad-Admin sees the updated status: Active
[INFO ]2024-10-27 23:41:25.082 [main]LoggerLoad- Admin sees the updated status of radio button 
[INFO ]2024-10-27 23:41:32.182 [main]LoggerLoad-The program details dialog has successfully disappeared.
[INFO ]2024-10-27 23:41:38.442 [main]LoggerLoad-The program details dialog has successfully disappeared.
[INFO ]2024-10-28 00:10:41.335 [main]LoggerLoad- Admin sees the heading Program Details 
[INFO ]2024-10-28 00:10:46.273 [main]LoggerLoad- Admin sees the red * mark 
[INFO ]2024-10-28 00:10:50.752 [main]LoggerLoad- Admin sees the updated program name 
[INFO ]2024-10-28 00:10:59.720 [main]LoggerLoad-Admin sees the updated status: Active
[INFO ]2024-10-28 00:10:59.768 [main]LoggerLoad- Admin sees the updated status of radio button 
[INFO ]2024-10-28 00:11:09.848 [main]LoggerLoad-The program details dialog has successfully disappeared.
[INFO ]2024-10-28 00:11:18.619 [main]LoggerLoad-The program details dialog has successfully disappeared.
[INFO ]2024-10-28 00:14:14.453 [main]LoggerLoad- Admin sees the heading Program Details 
[INFO ]2024-10-28 00:17:25.767 [main]LoggerLoad- Admin sees the heading Program Details 
[INFO ]2024-10-28 00:17:29.903 [main]LoggerLoad- Admin sees the red * mark 
[INFO ]2024-10-28 00:17:35.026 [main]LoggerLoad- Admin sees the updated program name 
[INFO ]2024-10-28 00:17:45.971 [main]LoggerLoad-Admin sees the updated status: Active
[INFO ]2024-10-28 00:17:46.060 [main]LoggerLoad- Admin sees the updated status of radio button 
[INFO ]2024-10-28 00:17:54.996 [main]LoggerLoad-The program details dialog has successfully disappeared.
[INFO ]2024-10-28 00:18:06.310 [main]LoggerLoad-The program details dialog has successfully disappeared.
[INFO ]2024-10-28 00:23:35.572 [main]LoggerLoad- Admin sees the heading Program Details 
[INFO ]2024-10-28 00:23:39.705 [main]LoggerLoad- Admin sees the red * mark 
[INFO ]2024-10-28 00:24:05.413 [main]LoggerLoad-Admin sees the updated status: Active
[INFO ]2024-10-28 00:24:05.458 [main]LoggerLoad- Admin sees the updated status of radio button 
[INFO ]2024-10-28 00:24:17.887 [main]LoggerLoad-The program details dialog has successfully disappeared.
[INFO ]2024-10-28 00:24:29.555 [main]LoggerLoad-The program details dialog has successfully disappeared.
[INFO ]2024-10-28 00:28:35.301 [main]LoggerLoad- Admin sees the heading Program Details 
[INFO ]2024-10-28 00:28:38.948 [main]LoggerLoad- Admin sees the red * mark 
[INFO ]2024-10-28 00:28:42.749 [main]LoggerLoad- Admin sees the updated program name 
[INFO ]2024-10-28 00:28:51.024 [main]LoggerLoad-Admin sees the updated status: Active
[INFO ]2024-10-28 00:28:51.065 [main]LoggerLoad- Admin sees the updated status of radio button 
[INFO ]2024-10-28 00:29:00.574 [main]LoggerLoad-The program details dialog has successfully disappeared.
[INFO ]2024-10-28 00:29:08.032 [main]LoggerLoad-The program details dialog has successfully disappeared.
[INFO ]2024-10-28 00:32:40.756 [main]LoggerLoad- Admin sees the heading Program Details 
[INFO ]2024-10-28 00:32:44.567 [main]LoggerLoad- Admin sees the red * mark 
[INFO ]2024-10-28 00:32:49.062 [main]LoggerLoad- Admin sees the updated program name 
[INFO ]2024-10-28 00:32:57.112 [main]LoggerLoad-Admin sees the updated status: Active
[INFO ]2024-10-28 00:32:57.153 [main]LoggerLoad- Admin sees the updated status of radio button 
[INFO ]2024-10-28 00:33:06.608 [main]LoggerLoad-The program details dialog has successfully disappeared.
[INFO ]2024-10-28 00:33:13.887 [main]LoggerLoad-The program details dialog has successfully disappeared.
[INFO ]2024-10-28 00:35:44.967 [main]LoggerLoad- Admin sees the heading Program Details 
[INFO ]2024-10-28 00:35:49.660 [main]LoggerLoad- Admin sees the red * mark 
[INFO ]2024-10-28 00:35:54.203 [main]LoggerLoad- Admin sees the updated program name 
[INFO ]2024-10-28 00:36:04.195 [main]LoggerLoad-Admin sees the updated status: Active
[INFO ]2024-10-28 00:36:04.255 [main]LoggerLoad- Admin sees the updated status of radio button 
[INFO ]2024-10-28 00:36:16.667 [main]LoggerLoad-The program details dialog has successfully disappeared.
[INFO ]2024-10-28 00:36:27.337 [main]LoggerLoad-The program details dialog has successfully disappeared.
[INFO ]2024-10-28 00:39:16.358 [main]LoggerLoad- Admin sees the heading Program Details 
[INFO ]2024-10-28 00:39:21.060 [main]LoggerLoad- Admin sees the red * mark 
[INFO ]2024-10-28 00:39:25.261 [main]LoggerLoad- Admin sees the updated program name 
[INFO ]2024-10-28 00:39:33.163 [main]LoggerLoad-Admin sees the updated status: Active
[INFO ]2024-10-28 00:39:33.204 [main]LoggerLoad- Admin sees the updated status of radio button 
[INFO ]2024-10-28 00:39:41.526 [main]LoggerLoad-The program details dialog has successfully disappeared.
[INFO ]2024-10-28 00:39:49.196 [main]LoggerLoad-The program details dialog has successfully disappeared.
[INFO ]2024-10-28 07:43:45.614 [main]LoggerLoad- Admin sees the heading Program Details 
[INFO ]2024-10-28 07:46:14.249 [main]LoggerLoad- Admin sees the heading Program Details 
[INFO ]2024-10-28 07:46:18.804 [main]LoggerLoad- Admin sees the red * mark 
[INFO ]2024-10-28 07:46:23.399 [main]LoggerLoad- Admin sees the updated program name 
[INFO ]2024-10-28 07:46:34.088 [main]LoggerLoad-Admin sees the updated status: Active
[INFO ]2024-10-28 07:46:34.134 [main]LoggerLoad- Admin sees the updated status of radio button 
[INFO ]2024-10-28 07:46:46.047 [main]LoggerLoad-The program details dialog has successfully disappeared.
[INFO ]2024-10-28 07:46:55.927 [main]LoggerLoad-The program details dialog has successfully disappeared.
[INFO ]2024-10-28 13:05:02.863 [main]LoggerLoad-The Confirmation dialog has successfully appeared.
[INFO ]2024-10-28 13:07:15.232 [main]LoggerLoad-The Confirmation dialog has successfully appeared.
[INFO ]2024-10-28 13:08:43.857 [main]LoggerLoad- Admin sees the heading Program Details 
[INFO ]2024-10-28 13:08:49.456 [main]LoggerLoad- Admin sees the red * mark 
[INFO ]2024-10-28 13:09:23.411 [main]LoggerLoad- Admin sees the heading Program Details 
[INFO ]2024-10-28 13:09:27.671 [main]LoggerLoad- Admin sees the red * mark 
[INFO ]2024-10-28 13:11:52.962 [main]LoggerLoad-The Confirmation dialog has successfully appeared.
[INFO ]2024-10-28 13:17:09.359 [main]LoggerLoad- Admin sees the red * mark 
[INFO ]2024-10-28 13:19:20.724 [main]LoggerLoad- Admin sees the heading Program Details 
[INFO ]2024-10-28 13:19:26.281 [main]LoggerLoad- Admin sees the red * mark 
[INFO ]2024-10-28 13:25:21.057 [main]LoggerLoad- Admin sees the heading Program Details 
[INFO ]2024-10-28 13:25:24.239 [main]LoggerLoad- Admin sees the red * mark 
[INFO ]2024-10-28 14:09:26.598 [main]LoggerLoad- Admin sees the heading Program Details 
[INFO ]2024-10-28 14:09:33.660 [main]LoggerLoad- Admin sees the red * mark 
[INFO ]2024-10-28 14:37:40.270 [main]LoggerLoad- Admin sees the updated program name 
[INFO ]2024-10-28 14:39:02.083 [main]LoggerLoad- Admin sees the heading Program Details 
[INFO ]2024-10-28 14:39:07.614 [main]LoggerLoad- Admin sees the red * mark 
[INFO ]2024-10-28 14:39:13.962 [main]LoggerLoad- Admin sees the updated program name 
[INFO ]2024-10-28 14:51:26.143 [main]LoggerLoad- Admin sees the heading Program Details 
[INFO ]2024-10-28 14:51:31.607 [main]LoggerLoad- Admin sees the red * mark 
[INFO ]2024-10-28 14:51:38.949 [main]LoggerLoad- Admin sees the updated program name 
[INFO ]2024-10-28 14:51:53.934 [main]LoggerLoad-Admin sees the updated status: Active
[INFO ]2024-10-28 14:51:53.995 [main]LoggerLoad- Admin sees the updated status of radio button 
[INFO ]2024-10-28 14:52:11.065 [main]LoggerLoad-The program details dialog has successfully disappeared.
[INFO ]2024-10-28 14:52:29.587 [main]LoggerLoad-The program details dialog has successfully disappeared.
[INFO ]2024-10-28 14:57:05.405 [main]LoggerLoad- Admin sees the heading Program Details 
[INFO ]2024-10-28 14:57:11.072 [main]LoggerLoad- Admin sees the red * mark 
[INFO ]2024-10-28 14:57:24.163 [main]LoggerLoad- Admin sees the updated program name 
[INFO ]2024-10-28 14:57:45.284 [main]LoggerLoad-Admin sees the updated status: Active
[INFO ]2024-10-28 14:57:45.388 [main]LoggerLoad- Admin sees the updated status of radio button 
[INFO ]2024-10-28 14:58:03.624 [main]LoggerLoad-The program details dialog has successfully disappeared.
[INFO ]2024-10-28 14:58:18.153 [main]LoggerLoad-The program details dialog has successfully disappeared.
[INFO ]2024-10-28 14:59:01.885 [main]LoggerLoad-The Confirmation dialog has successfully appeared.
[INFO ]2024-10-28 15:07:55.857 [main]LoggerLoad- Admin sees the heading Program Details 
[INFO ]2024-10-28 15:07:59.542 [main]LoggerLoad- Admin sees the red * mark 
[INFO ]2024-10-28 15:08:05.081 [main]LoggerLoad- Admin sees the updated program name 
[INFO ]2024-10-28 15:08:18.177 [main]LoggerLoad-Admin sees the updated status: Active
[INFO ]2024-10-28 15:08:18.228 [main]LoggerLoad- Admin sees the updated status of radio button 
[INFO ]2024-10-28 15:08:30.680 [main]LoggerLoad-The program details dialog has successfully disappeared.
[INFO ]2024-10-28 15:09:58.143 [main]LoggerLoad-The Confirmation dialog has successfully appeared.
